22:28:07 13-06-2021 :: Set up Database [mysql2]
22:28:08 13-06-2021 :: Building the Docker image
22:28:08 13-06-2021 :: Running the docker image
22:28:08 13-06-2021 :: Set Up Nginx Location
22:28:08 13-06-2021 :: resload nginx 
22:31:53 13-06-2021 :: Set up Database [mysql2]
22:31:53 13-06-2021 :: Building the Docker image
22:31:53 13-06-2021 :: Running the docker image
22:31:54 13-06-2021 :: Set Up Nginx Location
22:31:54 13-06-2021 :: resload nginx 
22:34:26 13-06-2021 :: Set up Database [mysql2]
22:34:26 13-06-2021 :: Building the Docker image
22:34:26 13-06-2021 :: Running the docker image
22:34:27 13-06-2021 :: Set Up Nginx Location
22:34:27 13-06-2021 :: resload nginx 
22:56:29 13-06-2021 :: Set up Database [mysql2]
22:56:29 13-06-2021 :: Building the Docker image
22:56:29 13-06-2021 :: Running the docker image
22:56:29 13-06-2021 :: Set Up Nginx Location
22:56:29 13-06-2021 :: resload nginx 
